
==============================
2026-02-05 21:41:17
pwd: /home/nurye/Desktop/TRP1/week0/task3
user: nurye
system: Linux nurye 6.14.0-37-generic #37~24.04.1-Ubuntu SMP PREEMPT_DYNAMIC Thu Nov 20 10:25:38 UTC 2 x86_64 x86_64 x86_64 GNU/Linux
python: Python 3.12.3
uv: uv 0.9.28
command: bash -lc 
docker run --rm chimera-task3

------------------------------
Downloading cpython-3.12.12-linux-x86_64-gnu (download) (32.3MiB)
 Downloaded cpython-3.12.12-linux-x86_64-gnu (download)
Using CPython 3.12.12
Removed virtual environment at: .venv
Creating virtual environment at: .venv
Installed 5 packages in 1.06s
F....                                                                    [100%]
=================================== FAILURES ===================================
______________ test_skill_modules_exist_and_expose_run_entrypoint ______________

>   ???
E   AssertionError: Skill interface gaps:
E     skills.skill_trend_fetcher import failed: No module named 'skills'
E     skills.skill_video_metadata_ingestor import failed: No module named 'skills'
E     skills.skill_publish_content import failed: No module named 'skills'
E   assert not ["skills.skill_trend_fetcher import failed: No module named 'skills'", "skills.skill_video_metadata_ingestor import failed: No module named 'skills'", "skills.skill_publish_content import failed: No module named 'skills'"]

/home/nurye/Desktop/TRP1/week0/task3/tests/test_skills_interface.py:21: AssertionError
=========================== short test summary info ============================
FAILED tests/test_skills_interface.py::test_skill_modules_exist_and_expose_run_entrypoint
1 failed, 4 passed in 0.04s
